# JRE version: OpenJDK Runtime Environment Temurin-17.0.9+9 (17.0.9+9) (build 17.0.9+9)
# Java VM: OpenJDK 64-Bit Server VM Temurin-17.0.9+9 (17.0.9+9, mixed mode, sharing, tiered, compressed oops, compressed class ptrs, g1 gc, windows-amd64)
GC Precious Log:
 CPUs: 32 total, 32 available
 Memory: 32472M
 Large Page Support: Disabled
 NUMA Support: Disabled
 Compressed Oops: Enabled (Zero based)
 Heap Region Size: 8M
 Heap Min Capacity: 8M
 Heap Initial Capacity: 512M
 Heap Max Capacity: 16G
 Pre-touch: Disabled
 Parallel Workers: 23
 Concurrent Workers: 6
 Concurrent Refinement Workers: 23
 Periodic GC: Disabled
Heap:
 garbage-first heap   total 565248K, used 312529K [0x0000000400000000, 0x0000000800000000)
  region size 8192K, 4 young (32768K), 1 survivors (8192K)
 Metaspace       used 42008K, committed 42304K, reserved 1114112K
  class space    used 4722K, committed 4864K, reserved 1048576K
GC Heap History (20 events):
Event: 1.752 GC heap before
{Heap before GC invocations=5 (full 0):
 garbage-first heap   total 196608K, used 100947K [0x0000000400000000, 0x0000000800000000)
  region size 8192K, 11 young (90112K), 3 survivors (24576K)
 Metaspace       used 32802K, committed 33024K, reserved 1114112K
  class space    used 3930K, committed 4032K, reserved 1048576K
}
Event: 1.760 GC heap after
{Heap after GC invocations=6 (full 0):
 garbage-first heap   total 245760K, used 48845K [0x0000000400000000, 0x0000000800000000)
  region size 8192K, 2 young (16384K), 2 survivors (16384K)
 Metaspace       used 32802K, committed 33024K, reserved 1114112K
  class space    used 3930K, committed 4032K, reserved 1048576K
}
Event: 2.061 GC heap before
{Heap before GC invocations=6 (full 0):
 garbage-first heap   total 245760K, used 57037K [0x0000000400000000, 0x0000000800000000)
  region size 8192K, 3 young (24576K), 2 survivors (16384K)
 Metaspace       used 34575K, committed 34880K, reserved 1114112K
  class space    used 4172K, committed 4352K, reserved 1048576K
}
Event: 2.066 GC heap after
{Heap after GC invocations=7 (full 0):
 garbage-first heap   total 245760K, used 50987K [0x0000000400000000, 0x0000000800000000)
  region size 8192K, 1 young (8192K), 1 survivors (8192K)
 Metaspace       used 34575K, committed 34880K, reserved 1114112K
  class space    used 4172K, committed 4352K, reserved 1048576K
}
Event: 2.126 GC heap before
{Heap before GC invocations=7 (full 0):
 garbage-first heap   total 245760K, used 50987K [0x0000000400000000, 0x0000000800000000)
  region size 8192K, 2 young (16384K), 1 survivors (8192K)
 Metaspace       used 35860K, committed 36096K, reserved 1114112K
  class space    used 4287K, committed 4416K, reserved 1048576K
}
Event: 2.128 GC heap after
{Heap after GC invocations=8 (full 0):
 garbage-first heap   total 245760K, used 51272K [0x0000000400000000, 0x0000000800000000)
  region size 8192K, 1 young (8192K), 1 survivors (8192K)
 Metaspace       used 35860K, committed 36096K, reserved 1114112K
  class space    used 4287K, committed 4416K, reserved 1048576K
}
Event: 3.705 GC heap before
{Heap before GC invocations=9 (full 0):
 garbage-first heap   total 221184K, used 141384K [0x0000000400000000, 0x0000000800000000)
  region size 8192K, 13 young (106496K), 1 survivors (8192K)
 Metaspace       used 38262K, committed 38528K, reserved 1114112K
  class space    used 4476K, committed 4608K, reserved 1048576K
}
Event: 3.719 GC heap after
{Heap after GC invocations=10 (full 0):
 garbage-first heap   total 229376K, used 117054K [0x0000000400000000, 0x0000000800000000)
  region size 8192K, 2 young (16384K), 2 survivors (16384K)
 Metaspace       used 38262K, committed 38528K, reserved 1114112K
  class space    used 4476K, committed 4608K, reserved 1048576K
}
Event: 3.725 GC heap before
{Heap before GC invocations=10 (full 0):
 garbage-first heap   total 229376K, used 141630K [0x0000000400000000, 0x0000000800000000)
  region size 8192K, 5 young (40960K), 2 survivors (16384K)
 Metaspace       used 38271K, committed 38528K, reserved 1114112K
  class space    used 4476K, committed 4608K, reserved 1048576K
}
Event: 3.728 GC heap after
{Heap after GC invocations=11 (full 0):
 garbage-first heap   total 229376K, used 141590K [0x0000000400000000, 0x0000000800000000)
  region size 8192K, 1 young (8192K), 1 survivors (8192K)
 Metaspace       used 38271K, committed 38528K, reserved 1114112K
  class space    used 4476K, committed 4608K, reserved 1048576K
}
Event: 3.731 GC heap before
{Heap before GC invocations=11 (full 0):
 garbage-first heap   total 229376K, used 141590K [0x0000000400000000, 0x0000000800000000)
  region size 8192K, 2 young (16384K), 1 survivors (8192K)
 Metaspace       used 38274K, committed 38528K, reserved 1114112K
  class space    used 4476K, committed 4608K, reserved 1048576K
}
Event: 3.732 GC heap after
{Heap after GC invocations=12 (full 0):
 garbage-first heap   total 229376K, used 149735K [0x0000000400000000, 0x0000000800000000)
  region size 8192K, 1 young (8192K), 1 survivors (8192K)
 Metaspace       used 38274K, committed 38528K, reserved 1114112K
  class space    used 4476K, committed 4608K, reserved 1048576K
}
Event: 3.734 GC heap before
{Heap before GC invocations=12 (full 0):
 garbage-first heap   total 229376K, used 149735K [0x0000000400000000, 0x0000000800000000)
  region size 8192K, 2 young (16384K), 1 survivors (8192K)
 Metaspace       used 38279K, committed 38528K, reserved 1114112K
  class space    used 4476K, committed 4608K, reserved 1048576K
}
Event: 3.736 GC heap after
{Heap after GC invocations=13 (full 0):
 garbage-first heap   total 565248K, used 157823K [0x0000000400000000, 0x0000000800000000)
  region size 8192K, 1 young (8192K), 1 survivors (8192K)
 Metaspace       used 38279K, committed 38528K, reserved 1114112K
  class space    used 4476K, committed 4608K, reserved 1048576K
}
Event: 4.001 GC heap before
{Heap before GC invocations=14 (full 0):
 garbage-first heap   total 565248K, used 280703K [0x0000000400000000, 0x0000000800000000)
  region size 8192K, 17 young (139264K), 1 survivors (8192K)
 Metaspace       used 38922K, committed 39168K, reserved 1114112K
  class space    used 4511K, committed 4608K, reserved 1048576K
}
Event: 4.011 GC heap after
{Heap after GC invocations=15 (full 0):
 garbage-first heap   total 565248K, used 235453K [0x0000000400000000, 0x0000000800000000)
  region size 8192K, 3 young (24576K), 3 survivors (24576K)
 Metaspace       used 38922K, committed 39168K, reserved 1114112K
  class space    used 4511K, committed 4608K, reserved 1048576K
}
Event: 4.459 GC heap before
{Heap before GC invocations=15 (full 0):
 garbage-first heap   total 565248K, used 333757K [0x0000000400000000, 0x0000000800000000)
  region size 8192K, 15 young (122880K), 3 survivors (24576K)
 Metaspace       used 40064K, committed 40320K, reserved 1114112K
  class space    used 4610K, committed 4736K, reserved 1048576K
}
Event: 4.472 GC heap after
{Heap after GC invocations=16 (full 0):
 garbage-first heap   total 565248K, used 293899K [0x0000000400000000, 0x0000000800000000)
  region size 8192K, 2 young (16384K), 2 survivors (16384K)
 Metaspace       used 40064K, committed 40320K, reserved 1114112K
  class space    used 4610K, committed 4736K, reserved 1048576K
}
Event: 14.477 GC heap before
{Heap before GC invocations=16 (full 0):
 garbage-first heap   total 565248K, used 367627K [0x0000000400000000, 0x0000000800000000)
  region size 8192K, 11 young (90112K), 2 survivors (16384K)
 Metaspace       used 41906K, committed 42176K, reserved 1114112K
  class space    used 4722K, committed 4864K, reserved 1048576K
}
Event: 14.482 GC heap after
{Heap after GC invocations=17 (full 0):
 garbage-first heap   total 565248K, used 296145K [0x0000000400000000, 0x0000000800000000)
  region size 8192K, 1 young (8192K), 1 survivors (8192K)
 Metaspace       used 41906K, committed 42176K, reserved 1114112K
  class space    used 4722K, committed 4864K, reserved 1048576K
}

